c:\users\jin\source\repos\fido2.0_server_test\windowsproject2\debug\windowsproject2.pch
c:\users\jin\source\repos\fido2.0_server_test\windowsproject2\debug\vc141.pdb
c:\users\jin\source\repos\fido2.0_server_test\windowsproject2\debug\vc141.idb
c:\users\jin\source\repos\fido2.0_server_test\windowsproject2\debug\stdafx.obj
c:\users\jin\source\repos\fido2.0_server_test\windowsproject2\debug\windowsproject2.obj
c:\users\jin\source\repos\fido2.0_server_test\windowsproject2\debug\hidcomm.obj
c:\users\jin\source\repos\fido2.0_server_test\debug\windowsproject2.ilk
c:\users\jin\source\repos\fido2.0_server_test\debug\windowsproject2.exe
c:\users\jin\source\repos\fido2.0_server_test\debug\windowsproject2.pdb
c:\users\jin\source\repos\fido2.0_server_test\windowsproject2\debug\windowsproject2.res
c:\users\jin\source\repos\fido2.0_server_test\debug\windowsproject2.lib
c:\users\jin\source\repos\fido2.0_server_test\debug\windowsproject2.exp
c:\users\jin\source\repos\fido2.0_server_test\windowsproject2\debug\windowsproject2.tlog\cl.command.1.tlog
c:\users\jin\source\repos\fido2.0_server_test\windowsproject2\debug\windowsproject2.tlog\cl.read.1.tlog
c:\users\jin\source\repos\fido2.0_server_test\windowsproject2\debug\windowsproject2.tlog\cl.write.1.tlog
c:\users\jin\source\repos\fido2.0_server_test\windowsproject2\debug\windowsproject2.tlog\link.command.1.tlog
c:\users\jin\source\repos\fido2.0_server_test\windowsproject2\debug\windowsproject2.tlog\link.read.1.tlog
c:\users\jin\source\repos\fido2.0_server_test\windowsproject2\debug\windowsproject2.tlog\link.write.1.tlog
c:\users\jin\source\repos\fido2.0_server_test\windowsproject2\debug\windowsproject2.tlog\rc.command.1.tlog
c:\users\jin\source\repos\fido2.0_server_test\windowsproject2\debug\windowsproject2.tlog\rc.read.1.tlog
c:\users\jin\source\repos\fido2.0_server_test\windowsproject2\debug\windowsproject2.tlog\rc.write.1.tlog
c:\users\jin\source\repos\fido2.0_server_test\windowsproject2\debug\windowsproject2.tlog\windowsproject2.write.1u.tlog
